# JRE version: Java(TM) SE Runtime Environment (8.0_91-b14) (build 1.8.0_91-b14)
# Java VM: Java HotSpot(TM) 64-Bit Server VM (25.91-b14 mixed mode windows-amd64 compressed oops)
Heap:
 PSYoungGen      total 28672K, used 17425K [0x00000000e0980000, 0x00000000e2980000, 0x0000000100000000)
  eden space 24576K, 70% used [0x00000000e0980000,0x00000000e1a847b0,0x00000000e2180000)
  from space 4096K, 0% used [0x00000000e2580000,0x00000000e2580000,0x00000000e2980000)
  to   space 4096K, 0% used [0x00000000e2180000,0x00000000e2180000,0x00000000e2580000)
 ParOldGen       total 39424K, used 18067K [0x00000000a1c00000, 0x00000000a4280000, 0x00000000e0980000)
  object space 39424K, 45% used [0x00000000a1c00000,0x00000000a2da4d88,0x00000000a4280000)
 Metaspace       used 35014K, capacity 36520K, committed 36736K, reserved 1081344K
  class space    used 4843K, capacity 5136K, committed 5248K, reserved 1048576K
GC Heap History (10 events):
Event: 5.266 GC heap before
{Heap before GC invocations=16 (full 1):
 PSYoungGen      total 28672K, used 24867K [0x00000000e0980000, 0x00000000e2980000, 0x0000000100000000)
  eden space 24576K, 100% used [0x00000000e0980000,0x00000000e2180000,0x00000000e2180000)
  from space 4096K, 7% used [0x00000000e2580000,0x00000000e25c8f40,0x00000000e2980000)
  to   space 4096K, 0% used [0x00000000e2180000,0x00000000e2180000,0x00000000e2580000)
 ParOldGen       total 39424K, used 18124K [0x00000000a1c00000, 0x00000000a4280000, 0x00000000e0980000)
  object space 39424K, 45% used [0x00000000a1c00000,0x00000000a2db30b8,0x00000000a4280000)
 Metaspace       used 29291K, capacity 30672K, committed 30976K, reserved 1075200K
  class space    used 3983K, capacity 4292K, committed 4352K, reserved 1048576K
Event: 5.268 GC heap after
Heap after GC invocations=16 (full 1):
 PSYoungGen      total 28672K, used 1427K [0x00000000e0980000, 0x00000000e2980000, 0x0000000100000000)
  eden space 24576K, 0% used [0x00000000e0980000,0x00000000e0980000,0x00000000e2180000)
  from space 4096K, 34% used [0x00000000e2180000,0x00000000e22e4ce0,0x00000000e2580000)
  to   space 4096K, 0% used [0x00000000e2580000,0x00000000e2580000,0x00000000e2980000)
 ParOldGen       total 39424K, used 18140K [0x00000000a1c00000, 0x00000000a4280000, 0x00000000e0980000)
  object space 39424K, 46% used [0x00000000a1c00000,0x00000000a2db70b8,0x00000000a4280000)
 Metaspace       used 29291K, capacity 30672K, committed 30976K, reserved 1075200K
  class space    used 3983K, capacity 4292K, committed 4352K, reserved 1048576K
}
Event: 6.810 GC heap before
{Heap before GC invocations=17 (full 1):
 PSYoungGen      total 28672K, used 26003K [0x00000000e0980000, 0x00000000e2980000, 0x0000000100000000)
  eden space 24576K, 100% used [0x00000000e0980000,0x00000000e2180000,0x00000000e2180000)
  from space 4096K, 34% used [0x00000000e2180000,0x00000000e22e4ce0,0x00000000e2580000)
  to   space 4096K, 0% used [0x00000000e2580000,0x00000000e2580000,0x00000000e2980000)
 ParOldGen       total 39424K, used 18140K [0x00000000a1c00000, 0x00000000a4280000, 0x00000000e0980000)
  object space 39424K, 46% used [0x00000000a1c00000,0x00000000a2db70b8,0x00000000a4280000)
 Metaspace       used 30774K, capacity 32192K, committed 32384K, reserved 1077248K
  class space    used 4169K, capacity 4472K, committed 4480K, reserved 1048576K
Event: 6.816 GC heap after
Heap after GC invocations=17 (full 1):
 PSYoungGen      total 28672K, used 2273K [0x00000000e0980000, 0x00000000e2980000, 0x0000000100000000)
  eden space 24576K, 0% used [0x00000000e0980000,0x00000000e0980000,0x00000000e2180000)
  from space 4096K, 55% used [0x00000000e2580000,0x00000000e27b8540,0x00000000e2980000)
  to   space 4096K, 0% used [0x00000000e2180000,0x00000000e2180000,0x00000000e2580000)
 ParOldGen       total 39424K, used 19003K [0x00000000a1c00000, 0x00000000a4280000, 0x00000000e0980000)
  object space 39424K, 48% used [0x00000000a1c00000,0x00000000a2e8eff8,0x00000000a4280000)
 Metaspace       used 30774K, capacity 32192K, committed 32384K, reserved 1077248K
  class space    used 4169K, capacity 4472K, committed 4480K, reserved 1048576K
}
Event: 7.248 GC heap before
{Heap before GC invocations=18 (full 1):
 PSYoungGen      total 28672K, used 26849K [0x00000000e0980000, 0x00000000e2980000, 0x0000000100000000)
  eden space 24576K, 100% used [0x00000000e0980000,0x00000000e2180000,0x00000000e2180000)
  from space 4096K, 55% used [0x00000000e2580000,0x00000000e27b8540,0x00000000e2980000)
  to   space 4096K, 0% used [0x00000000e2180000,0x00000000e2180000,0x00000000e2580000)
 ParOldGen       total 39424K, used 19003K [0x00000000a1c00000, 0x00000000a4280000, 0x00000000e0980000)
  object space 39424K, 48% used [0x00000000a1c00000,0x00000000a2e8eff8,0x00000000a4280000)
 Metaspace       used 33634K, capacity 35108K, committed 35328K, reserved 1079296K
  class space    used 4564K, capacity 4864K, committed 4864K, reserved 1048576K
Event: 7.260 GC heap after
Heap after GC invocations=18 (full 1):
 PSYoungGen      total 28672K, used 2842K [0x00000000e0980000, 0x00000000e2980000, 0x0000000100000000)
  eden space 24576K, 0% used [0x00000000e0980000,0x00000000e0980000,0x00000000e2180000)
  from space 4096K, 69% used [0x00000000e2180000,0x00000000e2446988,0x00000000e2580000)
  to   space 4096K, 0% used [0x00000000e2580000,0x00000000e2580000,0x00000000e2980000)
 ParOldGen       total 39424K, used 20143K [0x00000000a1c00000, 0x00000000a4280000, 0x00000000e0980000)
  object space 39424K, 51% used [0x00000000a1c00000,0x00000000a2fabd98,0x00000000a4280000)
 Metaspace       used 33634K, capacity 35108K, committed 35328K, reserved 1079296K
  class space    used 4564K, capacity 4864K, committed 4864K, reserved 1048576K
}
Event: 7.297 GC heap before
{Heap before GC invocations=19 (full 1):
 PSYoungGen      total 28672K, used 4603K [0x00000000e0980000, 0x00000000e2980000, 0x0000000100000000)
  eden space 24576K, 7% used [0x00000000e0980000,0x00000000e0b38540,0x00000000e2180000)
  from space 4096K, 69% used [0x00000000e2180000,0x00000000e2446988,0x00000000e2580000)
  to   space 4096K, 0% used [0x00000000e2580000,0x00000000e2580000,0x00000000e2980000)
 ParOldGen       total 39424K, used 20143K [0x00000000a1c00000, 0x00000000a4280000, 0x00000000e0980000)
  object space 39424K, 51% used [0x00000000a1c00000,0x00000000a2fabd98,0x00000000a4280000)
 Metaspace       used 33872K, capacity 35300K, committed 35496K, reserved 1079296K
  class space    used 4591K, capacity 4864K, committed 4864K, reserved 1048576K
Event: 7.301 GC heap after
Heap after GC invocations=19 (full 1):
 PSYoungGen      total 28672K, used 240K [0x00000000e0980000, 0x00000000e2980000, 0x0000000100000000)
  eden space 24576K, 0% used [0x00000000e0980000,0x00000000e0980000,0x00000000e2180000)
  from space 4096K, 5% used [0x00000000e2580000,0x00000000e25bc300,0x00000000e2980000)
  to   space 4096K, 0% used [0x00000000e2180000,0x00000000e2180000,0x00000000e2580000)
 ParOldGen       total 39424K, used 20882K [0x00000000a1c00000, 0x00000000a4280000, 0x00000000e0980000)
  object space 39424K, 52% used [0x00000000a1c00000,0x00000000a3064848,0x00000000a4280000)
 Metaspace       used 33872K, capacity 35300K, committed 35496K, reserved 1079296K
  class space    used 4591K, capacity 4864K, committed 4864K, reserved 1048576K
}
Event: 7.301 GC heap before
{Heap before GC invocations=20 (full 2):
 PSYoungGen      total 28672K, used 240K [0x00000000e0980000, 0x00000000e2980000, 0x0000000100000000)
  eden space 24576K, 0% used [0x00000000e0980000,0x00000000e0980000,0x00000000e2180000)
  from space 4096K, 5% used [0x00000000e2580000,0x00000000e25bc300,0x00000000e2980000)
  to   space 4096K, 0% used [0x00000000e2180000,0x00000000e2180000,0x00000000e2580000)
 ParOldGen       total 39424K, used 20882K [0x00000000a1c00000, 0x00000000a4280000, 0x00000000e0980000)
  object space 39424K, 52% used [0x00000000a1c00000,0x00000000a3064848,0x00000000a4280000)
 Metaspace       used 33872K, capacity 35300K, committed 35496K, reserved 1079296K
  class space    used 4591K, capacity 4864K, committed 4864K, reserved 1048576K
Event: 7.488 GC heap after
Heap after GC invocations=20 (full 2):
 PSYoungGen      total 28672K, used 0K [0x00000000e0980000, 0x00000000e2980000, 0x0000000100000000)
  eden space 24576K, 0% used [0x00000000e0980000,0x00000000e0980000,0x00000000e2180000)
  from space 4096K, 0% used [0x00000000e2580000,0x00000000e2580000,0x00000000e2980000)
  to   space 4096K, 0% used [0x00000000e2180000,0x00000000e2180000,0x00000000e2580000)
 ParOldGen       total 39424K, used 18067K [0x00000000a1c00000, 0x00000000a4280000, 0x00000000e0980000)
  object space 39424K, 45% used [0x00000000a1c00000,0x00000000a2da4d88,0x00000000a4280000)
 Metaspace       used 33872K, capacity 35300K, committed 35496K, reserved 1079296K
  class space    used 4591K, capacity 4864K, committed 4864K, reserved 1048576K
}

